"../../../DontBeASquare/Content/2DSideScroller/Sounds/gauss.uasset" 0
"../../../Engine/Plugins/2D/Paper2D/Content/PlaceholderTextures/DummySpriteTexture.uasset" 1
"../../../Engine/Plugins/2D/Paper2D/Content/DummySpriteTexture.uasset" 2
"../../../Engine/Plugins/2D/Paper2D/Content/DefaultSpriteMaterial.uasset" 3
"../../../Engine/Plugins/2D/Paper2D/Content/TranslucentUnlitSpriteMaterial.uasset" 4
"../../../DontBeASquare/Content/2DSideScroller/Sprites/gaussprojfhdjkflf.uasset" 5
"../../../DontBeASquare/Content/2DSideScroller/Sprites/gaussprojfhdjkflf_Sprite.uasset" 6
"../../../DontBeASquare/Content/2DSideScrollerBP/Blueprints/projectiles/BP_Projectile_Gauss_Rifle.uasset" 7
"../../../DontBeASquare/Content/2DSideScrollerBP/Blueprints/projectiles/BP_Projectile.uasset" 8
"../../../Engine/Content/BasicShapes/BasicShapeMaterial.uasset" 9
"../../../Engine/Content/Functions/Engine_MaterialFunctions01/Opacity/CameraDepthFade.uasset" 10
"../../../Engine/Content/EngineMaterials/T_Default_Material_Grid_M.uasset" 11
"../../../Engine/Content/EngineMaterials/T_Default_Material_Grid_N.uasset" 12
"../../../Engine/Content/EngineMaterials/WorldGridMaterial.uasset" 13
"../../../Engine/Content/BasicShapes/Cube.uasset" 14
"../../../DontBeASquare/Content/2DSideScroller/Sprites/Weapons/AngleGrinder.uasset" 15
"../../../DontBeASquare/Content/2DSideScroller/Sprites/Weapons/Angle_Grinder_Sprite.uasset" 16
"../../../DontBeASquare/Content/2DSideScrollerBP/Blueprints/weapons/BP_Weapon.uasset" 17
"../../../Engine/Content/EditorBlueprintResources/StandardMacros.uasset" 18
"../../../DontBeASquare/Content/2DSideScroller/Sprites/ringofhell.uasset" 19
"../../../DontBeASquare/Content/2DSideScroller/Sprites/ringofhell_Sprite.uasset" 20
"../../../DontBeASquare/Content/2DSideScrollerBP/Blueprints/dioblong/BP_Dioblong_Wave.uasset" 21
"../../../DontBeASquare/Content/2DSideScroller/Sounds/snip.uasset" 22
"../../../DontBeASquare/Content/2DSideScroller/Sprites/projectile_snipotenuse.uasset" 23
"../../../DontBeASquare/Content/2DSideScroller/Sprites/projectile_snipotenuse_Sprite.uasset" 24
"../../../DontBeASquare/Content/2DSideScrollerBP/Blueprints/projectiles/BP_Projectile_Snipotenuse.uasset" 25
"../../../DontBeASquare/Content/2DSideScrollerBP/Blueprints/weapons/BP_Angle_Grinder.uasset" 26
"../../../DontBeASquare/Content/2DSideScroller/Sounds/SW_Anglegrinder.uasset" 27
"../../../DontBeASquare/Content/2DSideScrollerBP/Blueprints/enemies/BP_Enemy.uasset" 28
"../../../DontBeASquare/Content/2DSideScrollerBP/Blueprints/enemies/BP_Enemy_Char.uasset" 29
"../../../DontBeASquare/Content/2DSideScrollerBP/Blueprints/equipment/BP_Equipment.uasset" 30
"../../../DontBeASquare/Content/2DSideScroller/Sprites/Trapezoid.uasset" 31
"../../../DontBeASquare/Content/2DSideScroller/Sprites/Trapezoid_Sprite.uasset" 32
"../../../DontBeASquare/Content/2DSideScrollerBP/Blueprints/equipment/BP_Equipment_Trap.uasset" 33
"../../../DontBeASquare/Content/2DSideScrollerBP/Blueprints/equipment/Deployed/BP_DeployedEquipment.uasset" 34
"../../../DontBeASquare/Content/2DSideScroller/Sprites/purpppppp.uasset" 35
"../../../DontBeASquare/Content/2DSideScroller/Sprites/purpppppp_Sprite.uasset" 36
"../../../DontBeASquare/Content/2DSideScrollerBP/Blueprints/equipment/Deployed/BP_DeployedEquipment_Trap.uasset" 37
"../../../DontBeASquare/Content/2DSideScrollerBP/Blueprints/powerups/BP_Powerup.uasset" 38
"../../../DontBeASquare/Content/2DSideScroller/Sprites/healthBoost.uasset" 39
"../../../DontBeASquare/Content/2DSideScroller/Sprites/healthBoost_Sprite.uasset" 40
"../../../DontBeASquare/Content/2DSideScrollerBP/Blueprints/powerups/BP_Powerup_HealthBoost.uasset" 41
"../../../DontBeASquare/Content/2DSideScroller/Sprites/Invincibility.uasset" 42
"../../../DontBeASquare/Content/2DSideScroller/Sprites/Invincibility_Sprite.uasset" 43
"../../../DontBeASquare/Content/2DSideScrollerBP/Blueprints/powerups/BP_Powerup_Invincibility.uasset" 44
"../../../DontBeASquare/Content/2DSideScroller/Sprites/projectile_rhombuster.uasset" 45
"../../../DontBeASquare/Content/2DSideScroller/Sprites/projectile_rhombuster_Sprite.uasset" 46
"../../../DontBeASquare/Content/2DSideScrollerBP/Blueprints/projectiles/BP_Projectile_Scatterplotshot.uasset" 47
"../../../DontBeASquare/Content/2DSideScroller/Sprites/Weapons/scatterplotshot.uasset" 48
"../../../DontBeASquare/Content/2DSideScroller/Sprites/Weapons/scatterplotshot_Sprite.uasset" 49
"../../../DontBeASquare/Content/2DSideScrollerBP/Blueprints/weapons/BP_Scatterplotshot.uasset" 50
"../../../DontBeASquare/Content/2DSideScroller/Sounds/shotty.uasset" 51
"../../../DontBeASquare/Content/2DSideScroller/Sounds/SW_Hurt.uasset" 52
"../../../DontBeASquare/Content/2DSideScroller/Sprites/IdleFrames/player_idle.uasset" 53
"../../../DontBeASquare/Content/2DSideScroller/Sprites/IdleFrames/player_idle_Sprite.uasset" 54
"../../../DontBeASquare/Content/2DSideScroller/Sprites/IdleAnimation.uasset" 55
"../../../DontBeASquare/Content/2DSideScroller/Sprites/player_move.uasset" 56
"../../../DontBeASquare/Content/2DSideScroller/Sprites/player_move_Sprite.uasset" 57
"../../../DontBeASquare/Content/2DSideScroller/Sprites/RunningAnimation.uasset" 58
"../../../DontBeASquare/Content/2DSideScrollerBP/Blueprints/2DSideScrollerCharacter.uasset" 59
"../../../DontBeASquare/Content/2DSideScrollerBP/Blueprints/2DSideScrollerGameMode.uasset" 60
"../../../DontBeASquare/Content/2DSideScroller/Sprites/Crosshair__2_.uasset" 61
"../../../DontBeASquare/Content/2DSideScroller/Sprites/Crosshair__2__Sprite.uasset" 62
"../../../DontBeASquare/Content/2DSideScrollerBP/Blueprints/BP_Crosshair.uasset" 63
"../../../DontBeASquare/Content/2DSideScrollerBP/Blueprints/BP_Wave_Controller.uasset" 64
"../../../DontBeASquare/Content/2DSideScrollerBP/Blueprints/dioblong/BP_TurnAround.uasset" 65
"../../../DontBeASquare/Content/2DSideScroller/Sprites/Dioblong.uasset" 66
"../../../DontBeASquare/Content/2DSideScroller/Sprites/Dioblong_Sprite.uasset" 67
"../../../DontBeASquare/Content/2DSideScrollerBP/Blueprints/dioblong/BP_Dioblong.uasset" 68
"../../../DontBeASquare/Content/2DSideScroller/Sprites/dioblocator.uasset" 69
"../../../DontBeASquare/Content/2DSideScroller/Sprites/dioblocator_Sprite.uasset" 70
"../../../DontBeASquare/Content/2DSideScrollerBP/Blueprints/BP_Dioblocator.uasset" 71
"../../../DontBeASquare/Content/2DSideScrollerBP/Blueprints/BP_HUD.uasset" 72
"../../../DontBeASquare/Content/2DSideScrollerBP/Blueprints/BP_HUD_Controller.uasset" 73
"../../../DontBeASquare/Content/2DSideScrollerBP/Blueprints/spawners/BP_Spawner.uasset" 74
"../../../DontBeASquare/Content/2DSideScroller/Sprites/square.uasset" 75
"../../../DontBeASquare/Content/2DSideScroller/Sprites/square_Sprite.uasset" 76
"../../../DontBeASquare/Content/2DSideScrollerBP/Blueprints/enemies/BP_Enemy_Char_Square.uasset" 77
"../../../DontBeASquare/Content/2DSideScrollerBP/Blueprints/spawners/BP_Spawner_Enemy.uasset" 78
"../../../DontBeASquare/Content/2DSideScroller/Sprites/Weapons/bazookite.uasset" 79
"../../../DontBeASquare/Content/2DSideScroller/Sprites/Weapons/bazookite_Sprite.uasset" 80
"../../../DontBeASquare/Content/2DSideScroller/Sounds/319712__manuts__explosion.uasset" 81
"../../../DontBeASquare/Content/2DSideScroller/Sprites/explosion.uasset" 82
"../../../DontBeASquare/Content/2DSideScroller/Sprites/explosion_Sprite.uasset" 83
"../../../DontBeASquare/Content/2DSideScrollerBP/Blueprints/BP_Explosion.uasset" 84
"../../../DontBeASquare/Content/2DSideScroller/Sounds/bazookite.uasset" 85
"../../../DontBeASquare/Content/2DSideScroller/Sprites/bazookiteProj.uasset" 86
"../../../DontBeASquare/Content/2DSideScroller/Sprites/bazookiteProj_Sprite.uasset" 87
"../../../DontBeASquare/Content/2DSideScrollerBP/Blueprints/projectiles/BP_Projectile_Bazookite.uasset" 88
"../../../DontBeASquare/Content/2DSideScrollerBP/Blueprints/weapons/BP_Bazookite.uasset" 89
"../../../DontBeASquare/Content/2DSideScroller/Sprites/Weapons/weapon_crossbow.uasset" 90
"../../../DontBeASquare/Content/2DSideScroller/Sprites/Weapons/weapon_crossbow_Sprite2.uasset" 91
"../../../DontBeASquare/Content/2DSideScroller/Sounds/SW_Crossbow.uasset" 92
"../../../DontBeASquare/Content/2DSideScroller/Sprites/projectile_crossbow.uasset" 93
"../../../DontBeASquare/Content/2DSideScroller/Sprites/projectile_crossbow_Sprite.uasset" 94
"../../../DontBeASquare/Content/2DSideScrollerBP/Blueprints/projectiles/BP_Projectile_Crossbow.uasset" 95
"../../../DontBeASquare/Content/2DSideScrollerBP/Blueprints/weapons/BP_Crossbow2.uasset" 96
"../../../DontBeASquare/Content/2DSideScroller/Sprites/Weapons/gaussRifle.uasset" 97
"../../../DontBeASquare/Content/2DSideScroller/Sprites/Weapons/gaussRifle_Sprite.uasset" 98
"../../../DontBeASquare/Content/2DSideScroller/Sprites/Weapons/gaussRifleFix.uasset" 99
"../../../DontBeASquare/Content/2DSideScroller/Sprites/Weapons/gaussRifleFix_Sprite.uasset" 100
"../../../DontBeASquare/Content/2DSideScrollerBP/Blueprints/weapons/BP_Gauss_Rifle.uasset" 101
"../../../DontBeASquare/Content/2DSideScroller/Sprites/Weapons/weapon_rhombuster.uasset" 102
"../../../DontBeASquare/Content/2DSideScroller/Sprites/Weapons/weapon_rhombuster_Sprite.uasset" 103
"../../../DontBeASquare/Content/2DSideScroller/Sounds/SW_Rhombuster.uasset" 104
"../../../DontBeASquare/Content/2DSideScrollerBP/Blueprints/projectiles/BP_Projectile_Rhombuster.uasset" 105
"../../../DontBeASquare/Content/2DSideScrollerBP/Blueprints/weapons/BP_Rhombuster2.uasset" 106
"../../../DontBeASquare/Content/2DSideScroller/Sprites/Weapons/weapon_snipotenuse.uasset" 107
"../../../DontBeASquare/Content/2DSideScroller/Sprites/Weapons/weapon_snipotenuse_Sprite.uasset" 108
"../../../DontBeASquare/Content/2DSideScrollerBP/Blueprints/weapons/BP_Snipotenuse.uasset" 109
"../../../Engine/Content/EngineMaterials/DefaultMaterial.uasset" 110
"../../../Engine/Content/BasicShapes/Cone.uasset" 111
"../../../DontBeASquare/Content/2DSideScrollerBP/Blueprints/spawners/BP_Spawner_Weapon.uasset" 112
"../../../Engine/Content/BasicShapes/Cylinder.uasset" 113
"../../../DontBeASquare/Content/2DSideScrollerBP/Blueprints/spawners/BP_Spawner_Equipment.uasset" 114
"../../../DontBeASquare/Content/2DSideScrollerBP/Blueprints/spawners/BP_Spawner_Powerup.uasset" 115
"../../../Engine/Content/MapTemplates/Bokeh_5Sides.uasset" 116
"../../../Engine/Content/MapTemplates/T_ScreenDirt02_w.uasset" 117
"../../../DontBeASquare/Content/2DSideScroller/Sounds/SW_Music.uasset" 118
"../../../DontBeASquare/Content/2DSideScroller/Sprites/GRASS.uasset" 119
"../../../DontBeASquare/Content/2DSideScroller/Sprites/GRASS_Sprite.uasset" 120
"../../../DontBeASquare/Content/2DSideScroller/Sprites/heck.uasset" 121
"../../../DontBeASquare/Content/2DSideScroller/Sprites/heck_Sprite.uasset" 122
"../../../DontBeASquare/Content/2DSideScrollerBP/Maps/Arena.umap" 123
"../../../DontBeASquare/Content/2DSideScroller/Sprites/title.uasset" 124
"../../../DontBeASquare/Content/2DSideScroller/Sprites/title_Sprite.uasset" 125
"../../../DontBeASquare/Content/2DSideScrollerBP/Maps/Splash.umap" 126
"../../../Engine/Content/EngineMaterials/DefaultDiffuse.uasset" 127
"../../../Engine/Content/EngineMaterials/DefaultNormal.uasset" 128
"../../../Engine/Content/Maps/Entry.umap" 129
"../../../Engine/Content/EditorResources/S_Actor.uasset" 130
"../../../Engine/Content/Maps/Templates/Thumbnails/Default.uasset" 131
"../../../Engine/Content/EditorMaterials/ParticleSystems/PSysThumbnail_NoImage.uasset" 132
"../../../Engine/Content/EditorMaterials/ParticleSystems/PSysThumbnail_OOD.uasset" 133
"../../../Engine/Content/EditorLandscapeResources/DataLayer.uasset" 134
"../../../Engine/Content/EngineFonts/Roboto.uasset" 135
"../../../Engine/Content/Functions/Engine_MaterialFunctions01/Shading/PowerToRoughness.uasset" 136
"../../../Engine/Content/EngineMaterials/DefaultDeferredDecalMaterial.uasset" 137
"../../../Engine/Content/EngineMaterials/DefaultLightFunctionMaterial.uasset" 138
"../../../Engine/Content/Functions/Engine_MaterialFunctions02/Utility/BreakOutFloat2Components.uasset" 139
"../../../Engine/Content/EngineMaterials/DefaultPostProcessMaterial.uasset" 140
"../../../Engine/Content/EngineResources/DefaultTexture.uasset" 141
"../../../Engine/Content/Functions/Engine_MaterialFunctions02/Texturing/ScreenAlignedUVs.uasset" 142
"../../../Engine/Content/EngineResources/WhiteSquareTexture.uasset" 143
"../../../Engine/Content/EngineMaterials/Widget3DPassThrough.uasset" 144
"../../../Engine/Content/EngineMaterials/Widget3DPassThrough_Translucent.uasset" 145
"../../../Engine/Content/EngineMaterials/Widget3DPassThrough_Translucent_OneSided.uasset" 146
"../../../Engine/Content/EngineMaterials/Widget3DPassThrough_Opaque.uasset" 147
"../../../Engine/Content/EngineMaterials/Widget3DPassThrough_Opaque_OneSided.uasset" 148
"../../../Engine/Content/EngineMaterials/Widget3DPassThrough_Masked.uasset" 149
"../../../Engine/Content/EngineMaterials/Widget3DPassThrough_Masked_OneSided.uasset" 150
"../../../Engine/Content/EngineDamageTypes/DmgTypeBP_Environmental.uasset" 151
"../../../Engine/Content/EngineMeshes/Sphere.uasset" 152
"../../../Engine/Content/EngineFonts/RobotoDistanceField.uasset" 153
"../../../Engine/Content/EngineMaterials/DefaultTextMaterialOpaque.uasset" 154
"../../../Engine/Content/EditorResources/S_Trigger.uasset" 155
"../../../Engine/Content/EngineResources/GradientTexture0.uasset" 156
"../../../Engine/Content/EngineResources/Black.uasset" 157
"../../../Engine/Content/EditorMaterials/MatineeGroups/MAT_Groups_Float.uasset" 158
"../../../Engine/Content/EditorMaterials/MatineeGroups/MAT_Groups_Director.uasset" 159
"../../../Engine/Content/EditorMaterials/MatineeGroups/MAT_Groups_Event.uasset" 160
"../../../Engine/Content/EditorMaterials/MatineeGroups/MAT_Groups_Anim.uasset" 161
"../../../Engine/Content/EditorMaterials/MatineeGroups/MAT_Groups_Fade.uasset" 162
"../../../Engine/Content/EditorMaterials/MatineeGroups/MAT_Groups_Move.uasset" 163
"../../../Engine/Content/EditorMaterials/MatineeGroups/MAT_Groups_Slomo.uasset" 164
"../../../Engine/Content/EditorMaterials/MatineeGroups/MAT_ColorTrack.uasset" 165
"../../../Engine/Content/EditorMaterials/MAT_Groups_Toggle.uasset" 166
"../../../Engine/Content/EditorMaterials/MatineeGroups/MAT_Groups_AudioMaster.uasset" 167
"../../../Engine/Content/EditorMaterials/MatineeGroups/MAT_Groups_Sound.uasset" 168
"../../../Engine/Content/EditorMaterials/MatineeGroups/MAT_Groups_Vector.uasset" 169
"../../../Engine/Content/EditorMaterials/MAT_Groups_Visibility.uasset" 170
"../../../Engine/Content/EngineResources/DefaultTextureCube.uasset" 171
"../../../Engine/Content/EngineMeshes/Cylinder.uasset" 172
"../../../Engine/Content/EngineTireTypes/DefaultTireType.uasset" 173
"../../../Engine/Content/EngineResources/AICON-Red.uasset" 174
"../../../Engine/Content/EngineResources/AICON-Green.uasset" 175
"../../../Engine/Content/Tutorial/Basics/LevelEditorAttract.uasset" 176
"../../../Engine/Content/Tutorial/ContentIntroCurve.uasset" 177
"../../../Engine/Plugins/2D/Paper2D/Content/MaskedUnlitSpriteMaterial.uasset" 178
"../../../Engine/Plugins/2D/Paper2D/Content/DummySprite.uasset" 179
"../../../Engine/Plugins/2D/Paper2D/Content/DefaultPaperTerrainMaterial.uasset" 180
"../../../Engine/Plugins/Runtime/LeapMotionController/Content/LM_CapsuleMesh.uasset" 181
"../../../Engine/Plugins/Runtime/LeapMotionController/Content/LM_TorusMesh.uasset" 182
"../../../Engine/Plugins/Runtime/LeapMotionController/Content/LM_HandColor.uasset" 183
"../../../Engine/Plugins/Runtime/LeapMotionController/Content/LM_SampleDistortion.uasset" 184
"../../../Engine/Plugins/Runtime/LeapMotionController/Content/LM_TestTexture.uasset" 185
"../../../Engine/Plugins/Runtime/LeapMotionController/Content/LM_PassthroughMaterial.uasset" 186
"../../../Engine/Content/EngineMaterials/RemoveSurfaceMaterial.uasset" 187
"../../../Engine/Content/EngineDebugMaterials/DebugMeshMaterial.uasset" 188
"../../../Engine/Content/EngineMaterials/InvalidLightmapSettings.uasset" 189
"../../../Engine/Content/EngineMaterials/M_InvalidLightmapSettings.uasset" 190
"../../../Engine/Content/EditorMaterials/GizmoMaterial.uasset" 191
"../../../Engine/Content/EngineMaterials/Good64x64TilingNoiseHighFreq.uasset" 192
"../../../Engine/Content/EngineMaterials/DefaultBokeh.uasset" 193
"../../../Engine/Content/EngineMaterials/PreintegratedSkinBRDF.uasset" 194
"../../../Engine/Content/EngineMaterials/MiniFont.uasset" 195
"../../../Engine/Content/EngineMaterials/WeightMapPlaceholderTexture.uasset" 196
"../../../Engine/Content/EngineMaterials/DefaultPhysicalMaterial.uasset" 197
"../../../Engine/Content/EngineFonts/RobotoTiny.uasset" 198
"../../../Engine/Content/MobileResources/T_MobileControls_texture.uasset" 199
"../../../Engine/Content/MobileResources/HUD/AnalogHat.uasset" 200
"../../../Engine/Content/MobileResources/HUD/VirtualJoystick_Background.uasset" 201
"../../../Engine/Content/MobileResources/HUD/VirtualJoystick_Thumb.uasset" 202
"../../../Engine/Content/MobileResources/HUD/DefaultVirtualJoysticks.uasset" 203
"../../../Engine/Content/MobileResources/HUD/LeftVirtualJoystickOnly.uasset" 204
"../../../Engine/Content/MobileResources/HUD/MobileHUDDirectionPad2.uasset" 205
"../../../Engine/Content/MobileResources/HUD/T_Castle_ThumbstickInner.uasset" 206
"../../../DontBeASquare/Content/2DSideScrollerBP/Blueprints/BP_HUD3D.uasset" 207
"../../../DontBeASquare/Content/2DSideScrollerBP/Blueprints/BP_Ground.uasset" 208
"../../../DontBeASquare/Content/2DSideScrollerBP/2DSideScrollerOverview.uasset" 209
"../../../DontBeASquare/Content/2DSideScrollerBP/Blueprints/weapons/BP_Crossbow.uasset" 210
"../../../DontBeASquare/Content/2DSideScroller/Textures/2DCharacter_RunAnimAtlas.uasset" 211
"../../../DontBeASquare/Content/2DSideScroller/Sprites/RunFrames/RunCycle_8.uasset" 212
"../../../DontBeASquare/Content/2DSideScroller/Sprites/RunFrames/RunCycle_7.uasset" 213
"../../../DontBeASquare/Content/2DSideScroller/Sprites/RunFrames/RunCycle_6.uasset" 214
"../../../DontBeASquare/Content/2DSideScroller/Sprites/RunFrames/RunCycle_5.uasset" 215
"../../../DontBeASquare/Content/2DSideScroller/Sprites/RunFrames/RunCycle_4.uasset" 216
"../../../DontBeASquare/Content/2DSideScroller/Sprites/RunFrames/RunCycle_3.uasset" 217
"../../../DontBeASquare/Content/2DSideScroller/Sprites/RunFrames/RunCycle_2.uasset" 218
"../../../DontBeASquare/Content/2DSideScroller/Sprites/RunFrames/RunCycle_16.uasset" 219
"../../../DontBeASquare/Content/2DSideScroller/Sprites/RunFrames/RunCycle_15.uasset" 220
"../../../DontBeASquare/Content/2DSideScroller/Sprites/RunFrames/RunCycle_14.uasset" 221
"../../../DontBeASquare/Content/2DSideScroller/Sprites/RunFrames/RunCycle_13.uasset" 222
"../../../DontBeASquare/Content/2DSideScroller/Sprites/RunFrames/RunCycle_12.uasset" 223
"../../../DontBeASquare/Content/2DSideScroller/Sprites/RunFrames/RunCycle_11.uasset" 224
"../../../DontBeASquare/Content/2DSideScroller/Sprites/RunFrames/RunCycle_10.uasset" 225
"../../../DontBeASquare/Content/2DSideScroller/Sprites/RunFrames/RunCycle_1.uasset" 226
"../../../DontBeASquare/Content/2DSideScroller/Textures/2DCharacter_IdleAnimAtlas.uasset" 227
"../../../DontBeASquare/Content/2DSideScroller/Sprites/IdleFrames/IdleCycle8.uasset" 228
"../../../DontBeASquare/Content/2DSideScroller/Sprites/IdleFrames/IdleCycle7.uasset" 229
"../../../DontBeASquare/Content/2DSideScroller/Sprites/IdleFrames/IdleCycle6.uasset" 230
"../../../DontBeASquare/Content/2DSideScroller/Sprites/IdleFrames/IdleCycle5.uasset" 231
"../../../DontBeASquare/Content/2DSideScroller/Sprites/IdleFrames/IdleCycle4.uasset" 232
"../../../DontBeASquare/Content/2DSideScroller/Sprites/IdleFrames/IdleCycle3.uasset" 233
"../../../DontBeASquare/Content/2DSideScroller/Sprites/IdleFrames/IdleCycle2.uasset" 234
"../../../DontBeASquare/Content/2DSideScroller/Sprites/IdleFrames/IdleCycle1.uasset" 235
"../../../Engine/Content/MobileResources/HUD/MobileHUDButton1_on.uasset" 236
"../../../Engine/Content/EditorResources/EmptyActor.uasset" 237
"../../../DontBeASquare/Content/2DSideScroller/Sprites/GROUND.uasset" 238
"../../../DontBeASquare/Content/2DSideScroller/Sprites/GROUND_Sprite.uasset" 239
"../../../Engine/Plugins/2D/Paper2D/Content/OpaqueUnlitSpriteMaterial.uasset" 240
"../../../DontBeASquare/Content/2dSideScroller/Textures/2DBackground.uasset" 241
"../../../DontBeASquare/Content/2DSideScroller/Sprites/Background_Sprite.uasset" 242
"../../../DontBeASquare/Content/2DSideScroller/Sounds/SW_Snipotenuse.uasset" 243
"../../../Engine/Content/MobileResources/HUD/T_Castle_ThumbstickOutter.uasset" 244
"../../../Engine/Content/MobileResources/HUD/MobileHUDDirectionPad3.uasset" 245
"../../../Engine/Content/MobileResources/HUD/MobileHUDButton1_off.uasset" 246
"../../../Engine/Content/MobileResources/HUD/MobileHUDButton2_off.uasset" 247
"../../../DontBeASquare/Content/2DSideScroller/Sprites/Weapons/Angle_Grinder.uasset" 248
"../../../DontBeASquare/Content/2dSideScroller/Textures/2DBackgroundTile.uasset" 249
"../../../DontBeASquare/Content/2DSideScroller/Materials/PrototypingSpriteMaterial.uasset" 250
"../../../DontBeASquare/Content/2DSideScroller/Sprites/PrototypingSprite.uasset" 251
"../../../DontBeASquare/Content/2DSideScroller/Textures/2DBackgroundBlockAtlas.uasset" 252
"../../../DontBeASquare/Content/2DSideScroller/Sprites/Ledge.uasset" 253
"../../../DontBeASquare/Content/2DSideScroller/Sprites/hell.uasset" 254
"../../../DontBeASquare/Content/2DSideScroller/Sprites/hell_Sprite.uasset" 255
"../../../Engine/Content/MobileResources/HUD/MobileHUDDirectionStick.uasset" 256
"../../../Engine/Content/MobileResources/HUD/MobileHUDButton3.uasset" 257
"../../../Engine/Content/MobileResources/T_MobileMenu2.uasset" 258
"../../../DontBeASquare/Content/2DSideScroller/Sprites/Weapons/weapon_crossbow_Sprite.uasset" 259
"../../../DontBeASquare/Content/2DSideScroller/Sprites/RunFrames/RunCycle_9.uasset" 260
"../../../DontBeASquare/Content/2DSideScroller/Sprites/Crosshair__1_.uasset" 261
"../../../DontBeASquare/Content/2DSideScroller/Sprites/Crosshair__1__Sprite.uasset" 262
"../../../Engine/Content/MobileResources/HUD/MobileHUDDirectionPad.uasset" 263
"../../../Engine/Content/MobileResources/HUD/MobileHUDButtonFire.uasset" 264
"../../../Engine/Content/MobileResources/HUD/MobileHUDButton2_on.uasset" 265
"../../../Engine/Content/EditorMaterials/PhAT_JointLimitMaterial.uasset" 266
"../../../Engine/Content/EditorMaterials/PreviewShadowIndicator.uasset" 267
"../../../Engine/Content/EditorMaterials/PreviewShadowIndicatorMaterial.uasset" 268
"../../../Engine/Content/EditorMeshes/ColorCalibrator/M_ChromeBall.uasset" 269
"../../../Engine/Content/EditorMeshes/ColorCalibrator/M_ClearCoat.uasset" 270
"../../../Engine/Content/EditorMeshes/ColorCalibrator/M_ClearCoatBlack.uasset" 271
"../../../Engine/Content/EditorMeshes/ColorCalibrator/T_ColorGrid.uasset" 272
"../../../Engine/Content/EditorMeshes/ColorCalibrator/M_ColorGrid.uasset" 273
"../../../Engine/Content/EditorMeshes/ColorCalibrator/M_GreyBall.uasset" 274
"../../../Engine/Content/EditorMeshes/ColorCalibrator/SM_ColorCalibrator.uasset" 275
"../../../Engine/Content/EditorResources/BSPVertex.uasset" 276
"../../../Engine/Content/EngineDebugMaterials/HeatmapGradient.uasset" 277
"../../../Engine/Content/EngineDebugMaterials/BoneWeightMaterial.uasset" 278
"../../../Engine/Content/EngineDebugMaterials/GeomMaterial.uasset" 279
"../../../Engine/Content/Functions/Engine_MaterialFunctions01/Shading/ConvertFromDiffSpec.uasset" 280
"../../../Engine/Content/EngineDebugMaterials/LevelColorationLitMaterial.uasset" 281
"../../../Engine/Content/EngineDebugMaterials/LevelColorationUnlitMaterial.uasset" 282
"../../../Engine/Content/EngineMaterials/DefaultWhiteGrid.uasset" 283
"../../../Engine/Content/EngineDebugMaterials/MAT_LevelColorationLitLightmapUV.uasset" 284
"../../../Engine/Content/EngineDebugMaterials/ShadedLevelColorationLitMaterial.uasset" 285
"../../../Engine/Content/EngineDebugMaterials/ShadedLevelColorationUnlitMateri.uasset" 286
"../../../Engine/Content/EngineDebugMaterials/VertexColorMaterial.uasset" 287
"../../../Engine/Content/EngineDebugMaterials/VertexColorViewMode_AlphaAsColor.uasset" 288
"../../../Engine/Content/EngineDebugMaterials/VertexColorViewMode_BlueOnly.uasset" 289
"../../../Engine/Content/EngineDebugMaterials/VertexColorViewMode_ColorOnly.uasset" 290
"../../../Engine/Content/EngineDebugMaterials/VertexColorViewMode_GreenOnly.uasset" 291
"../../../Engine/Content/EngineDebugMaterials/VertexColorViewMode_RedOnly.uasset" 292
"../../../Engine/Content/EngineDebugMaterials/WireframeMaterial.uasset" 293
"../../../Engine/Content/EngineMaterials/EditorBrushMaterial.uasset" 294
"../../../Engine/Content/Tutorial/Basics/TutorialAssets/icon_tab_Levels_40x.uasset" 295
"../../../Engine/Content/Tutorial/Basics/LevelEditorOverview.uasset" 296
"../../../Engine/Content/Tutorial/BlueprintTutorials/TutorialAssets/Blueprint_64x.uasset" 297
"../../../Engine/Content/Tutorial/BlueprintTutorials/BlueprintEditorTutorial.uasset" 298
"../../../Engine/Content/Tutorial/BlueprintTutorials/TutorialAssets/BlueprintInterface_64x.uasset" 299
"../../../Engine/Content/Tutorial/BlueprintTutorials/TutorialAssets/Tutorial_BP_Interface.uasset" 300
"../../../Engine/Content/Tutorial/BlueprintTutorials/BlueprintInterfacesEditorOverview.uasset" 301
"../../../Engine/Content/Tutorial/BlueprintTutorials/TutorialAssets/BlueprintMacroLibrary_64x.uasset" 302
"../../../Engine/Content/Tutorial/BlueprintTutorials/TutorialAssets/Tutorial_BP_MacroLib.uasset" 303
"../../../Engine/Content/Tutorial/BlueprintTutorials/BlueprintMacroLibrariesEditorOverview.uasset" 304
"../../../Engine/Content/Tutorial/BlueprintTutorials/LevelBlueprintEditorOverview.uasset" 305
"../../../Engine/Content/Tutorial/Foliage/TutorialAssets/Foliage.uasset" 306
"../../../Engine/Content/Tutorial/Foliage/Foliage_Settings_Tutorial.uasset" 307
"../../../Engine/Content/Tutorial/Foliage/Foliage_Using_The_Tool_Tutorial.uasset" 308
"../../../Engine/Content/Tutorial/Foliage/Foliage_Intro_Tutorial.uasset" 309
"../../../Engine/Content/Tutorial/Landscape/TutorialAssets/Landscape.uasset" 310
"../../../Engine/Content/Tutorial/Landscape/Landscape_Painting_Mode.uasset" 311
"../../../Engine/Content/Tutorial/Landscape/Landscape_Sculpt_Mode.uasset" 312
"../../../Engine/Content/Tutorial/Landscape/Landscape_Manage_Mode.uasset" 313
"../../../Engine/Content/Tutorial/Paper2D/TutorialAssets/Paper2DFlipbook_TutorialIcon.uasset" 314
"../../../Engine/Content/Tutorial/Paper2D/FlipbookEditorTutorial.uasset" 315
"../../../Engine/Content/Tutorial/Paper2D/TutorialAssets/Paper2DSprite_TutorialIcon.uasset" 316
"../../../Engine/Content/Tutorial/Paper2D/SpriteEditorTutorial.uasset" 317
"../../../Engine/Content/EditorMeshes/EditorCube.uasset" 318
"../../../Engine/Content/Tutorial/SubEditors/TutorialAssets/Tutorial_DM.uasset" 319
"../../../Engine/Content/Tutorial/SubEditors/DestructibleMeshEditorTutorial.uasset" 320
"../../../Engine/Content/Tutorial/SubEditors/TutorialAssets/TutorialMaterial.uasset" 321
"../../../Engine/Content/Tutorial/SubEditors/MaterialEditorTutorial.uasset" 322
"../../../Engine/Content/Tutorial/SubEditors/TutorialAssets/T_SmokeSubUV_8X8.uasset" 323
"../../../Engine/Content/Tutorial/SubEditors/TutorialAssets/T_soft_smoke.uasset" 324
"../../../Engine/Content/Tutorial/SubEditors/TutorialAssets/M_smoke_subUV_blackbody.uasset" 325
"../../../Engine/Content/Tutorial/SubEditors/TutorialAssets/TutorialParticleSystem.uasset" 326
"../../../Engine/Content/Tutorial/SubEditors/ParticleSystemEditorTutorial.uasset" 327
"../../../Engine/Content/Tutorial/SubEditors/TutorialAssets/icon_ShowSkeletalMeshes_40x.uasset" 328
"../../../Engine/Content/Tutorial/SubEditors/TutorialAssets/Character/TutorialTPP_Mat.uasset" 329
"../../../Engine/Content/Tutorial/SubEditors/TutorialAssets/Character/TutorialTPP_PhysicsAsset.uasset" 330
"../../../Engine/Content/Tutorial/SubEditors/TutorialAssets/Character/TutorialTPP.uasset" 331
"../../../Engine/Content/Tutorial/SubEditors/TutorialAssets/Character/TutorialTPP_Skeleton.uasset" 332
"../../../Engine/Content/Tutorial/SubEditors/TutorialAssets/Character/Tutorial_Idle.uasset" 333
"../../../Engine/Content/Tutorial/SubEditors/TutorialAssets/Character/Tutorial_Walk_Fwd.uasset" 334
"../../../Engine/Content/Tutorial/SubEditors/TutorialAssets/Character/NewBlendSpace1D.uasset" 335
"../../../Engine/Content/Tutorial/SubEditors/TutorialAssets/Character/TutorialCharacter.uasset" 336
"../../../Engine/Content/Tutorial/SubEditors/TutorialAssets/Character/TutorialTPP_AnimBlueprint.uasset" 337
"../../../Engine/Content/Tutorial/SubEditors/PersonaAnimBlueprintEditorWalkthrough.uasset" 338
"../../../Engine/Content/Tutorial/SubEditors/PersonaAnimEditorWalkthrough.uasset" 339
"../../../Engine/Content/Tutorial/SubEditors/PersonaAnimEditorTutorial.uasset" 340
"../../../Engine/Content/EngineMeshes/Cube.uasset" 341
"../../../Engine/Content/Tutorial/SubEditors/StaticMeshEditorTutorial.uasset" 342
"../../../Engine/Content/Tutorial/SubEditors/TutorialAssets/icon_Editor_Preferences_General_40x.uasset" 343
